This file contains any messages produced by compilers while
running configure, to aid debugging if configure makes a mistake.

It was created by GNU inetutils configure 2.0, which was
generated by GNU Autoconf 2.71.  Invocation command line was

  $ ./configure

## --------- ##
## Platform. ##
## --------- ##

hostname = geoffreys-air.home
uname -m = x86_64
uname -r = 21.6.0
uname -s = Darwin
uname -v = Darwin Kernel Version 21.6.0: Thu Jul  6 22:18:26 PDT 2023; root:xnu-8020.240.18.702.13~1/RELEASE_X86_64

/usr/bin/uname -p = i386
/bin/uname -X     = unknown

/bin/arch              = unknown
/usr/bin/arch -k       = unknown
/usr/convex/getsysinfo = unknown
/usr/bin/hostinfo      = Mach kernel version:
	 Darwin Kernel Version 21.6.0: Thu Jul  6 22:18:26 PDT 2023; root:xnu-8020.240.18.702.13~1/RELEASE_X86_64
Kernel configured for up to 4 processors.
2 processors are physically available.
4 processors are logically available.
Processor type: x86_64h (Intel x86-64h Haswell)
Processors active: 0 1 2 3
Primary memory available: 8.00 gigabytes
Default processor set: 694 tasks, 2404 threads, 4 processors
Load average: 2.49, Mach factor: 1.82
/bin/machine           = unknown
/usr/bin/oslevel       = unknown
/bin/universe          = unknown

PATH: /usr/local/opt/qt@5/bin/
PATH: /Users/gedemais/.cargo/bin/
PATH: /Library/Frameworks/Python.framework/Versions/3.8/bin/
PATH: /usr/local/bin/
PATH: /usr/bin/
PATH: /bin/
PATH: /usr/sbin/
PATH: /sbin/
PATH: /usr/local/share/dotnet/
PATH: /opt/X11/bin/
PATH: ~/.dotnet/tools/
PATH: /Library/Apple/usr/bin/
PATH: /Users/gedemais/.fzf/bin/
PATH: /Applications/Docker.app/Contents/Resources/bin/


## ----------- ##
## Core tests. ##
## ----------- ##

configure:4258: looking for aux files: config.rpath ar-lib compile missing install-sh config.guess config.sub
configure:4271:  trying ./build-aux/
configure:4300:   ./build-aux/config.rpath found
configure:4300:   ./build-aux/ar-lib found
configure:4300:   ./build-aux/compile found
configure:4300:   ./build-aux/missing found
configure:4282:   ./build-aux/install-sh found
configure:4300:   ./build-aux/config.guess found
configure:4300:   ./build-aux/config.sub found
configure:4423: checking build system type
configure:4438: result: x86_64-apple-darwin21.6.0
configure:4458: checking host system type
configure:4472: result: x86_64-apple-darwin21.6.0
configure:4510: checking for a BSD-compatible install
configure:4583: result: /usr/local/bin/ginstall -c
configure:4594: checking whether build environment is sane
configure:4649: result: yes
configure:4813: checking for a race-free mkdir -p
configure:4857: result: /usr/local/bin/gmkdir -p
configure:4864: checking for gawk
configure:4899: result: no
configure:4864: checking for mawk
configure:4899: result: no
configure:4864: checking for nawk
configure:4899: result: no
configure:4864: checking for awk
configure:4885: found /usr/bin/awk
configure:4896: result: awk
configure:4907: checking whether make sets $(MAKE)
configure:4930: result: yes
configure:4960: checking whether make supports nested variables
configure:4978: result: yes
configure:5952: checking whether make supports nested variables
configure:5970: result: yes
configure:6045: checking for gcc
configure:6066: found /usr/bin/gcc
configure:6077: result: gcc
configure:6430: checking for C compiler version
configure:6439: gcc --version >&5
Apple clang version 11.0.3 (clang-1103.0.32.62)
Target: x86_64-apple-darwin21.6.0
Thread model: posix
InstalledDir: /Applications/Xcode.app/Contents/Developer/Toolchains/XcodeDefault.xctoolchain/usr/bin
Configured with: --prefix=/Applications/Xcode.app/Contents/Developer/usr --with-gxx-include-dir=/Applications/Xcode.app/Contents/Developer/Platforms/MacOSX.platform/Developer/SDKs/MacOSX.sdk/usr/include/c++/4.2.1
configure:6450: $? = 0
configure:6439: gcc -v >&5
Configured with: --prefix=/Applications/Xcode.app/Contents/Developer/usr --with-gxx-include-dir=/Applications/Xcode.app/Contents/Developer/Platforms/MacOSX.platform/Developer/SDKs/MacOSX.sdk/usr/include/c++/4.2.1
Apple clang version 11.0.3 (clang-1103.0.32.62)
Target: x86_64-apple-darwin21.6.0
Thread model: posix
InstalledDir: /Applications/Xcode.app/Contents/Developer/Toolchains/XcodeDefault.xctoolchain/usr/bin
configure:6450: $? = 0
configure:6439: gcc -V >&5
clang: error: unsupported option '-V -Wno-objc-signed-char-bool-implicit-int-conversion'
clang: error: no input files
configure:6450: $? = 1
configure:6439: gcc -qversion >&5
clang: error: unknown argument '-qversion'; did you mean '--version'?
clang: error: no input files
configure:6450: $? = 1
configure:6439: gcc -version >&5
clang: error: unknown argument '-version'; did you mean '--version'?
clang: error: no input files
configure:6450: $? = 1
configure:6470: checking whether the C compiler works
configure:6492: gcc    conftest.c  >&5
configure:6496: $? = 0
configure:6546: result: yes
configure:6549: checking for C compiler default output file name
configure:6551: result: a.out
configure:6557: checking for suffix of executables
configure:6564: gcc -o conftest    conftest.c  >&5
configure:6568: $? = 0
configure:6591: result: 
configure:6613: checking whether we are cross compiling
configure:6621: gcc -o conftest    conftest.c  >&5
configure:6625: $? = 0
configure:6632: ./conftest
configure:6636: $? = 0
configure:6651: result: no
configure:6656: checking for suffix of object files
configure:6679: gcc -c   conftest.c >&5
configure:6683: $? = 0
configure:6705: result: o
configure:6709: checking whether the compiler supports GNU C
configure:6729: gcc -c   conftest.c >&5
configure:6729: $? = 0
configure:6739: result: yes
configure:6750: checking whether gcc accepts -g
configure:6771: gcc -c -g  conftest.c >&5
configure:6771: $? = 0
configure:6815: result: yes
configure:6835: checking for gcc option to enable C11 features
configure:6850: gcc  -c -g -O2  conftest.c >&5
configure:6850: $? = 0
configure:6868: result: none needed
configure:6984: checking whether gcc understands -c and -o together
configure:7007: gcc -c conftest.c -o conftest2.o
configure:7010: $? = 0
configure:7007: gcc -c conftest.c -o conftest2.o
configure:7010: $? = 0
configure:7022: result: yes
configure:7040: checking whether the compiler is clang
configure:7062: gcc -c -g -O2  conftest.c >&5
conftest.c:13:12: error: unknown type name 'barfbarf'
           barfbarf
           ^
1 error generated.
configure:7062: $? = 1
configure: failed program was:
| /* confdefs.h */
| #define PACKAGE_NAME "GNU inetutils"
| #define PACKAGE_TARNAME "inetutils"
| #define PACKAGE_VERSION "2.0"
| #define PACKAGE_STRING "GNU inetutils 2.0"
| #define PACKAGE_BUGREPORT "bug-inetutils@gnu.org"
| #define PACKAGE_URL "https://www.gnu.org/software/inetutils/"
| #define PACKAGE "inetutils"
| #define VERSION "2.0"
| /* end confdefs.h.  */
| 
|            #ifdef __clang__
|            barfbarf
|            #endif
| 
| int
| main (void)
| {
| 
|   ;
|   return 0;
| }
| 
configure:7071: result: yes
configure:7075: checking for compiler option needed when checking for declarations
configure:7095: gcc -c -g -O2  conftest.c >&5 -Werror=implicit-function-declaration
configure:7095: $? = 0
configure:7108: result: -Werror=implicit-function-declaration
configure:7120: checking whether make supports the include directive
configure:7135: make -f confmf.GNU && cat confinc.out
this is the am__doit target
configure:7138: $? = 0
configure:7157: result: yes (GNU style)
configure:7183: checking dependency style of gcc
configure:7295: result: gcc3
configure:7315: checking for stdio.h
configure:7315: gcc -c -g -O2  conftest.c >&5
configure:7315: $? = 0
configure:7315: result: yes
configure:7315: checking for stdlib.h
configure:7315: gcc -c -g -O2  conftest.c >&5
configure:7315: $? = 0
configure:7315: result: yes
configure:7315: checking for string.h
configure:7315: gcc -c -g -O2  conftest.c >&5
configure:7315: $? = 0
configure:7315: result: yes
configure:7315: checking for inttypes.h
configure:7315: gcc -c -g -O2  conftest.c >&5
configure:7315: $? = 0
configure:7315: result: yes
configure:7315: checking for stdint.h
configure:7315: gcc -c -g -O2  conftest.c >&5
configure:7315: $? = 0
configure:7315: result: yes
configure:7315: checking for strings.h
configure:7315: gcc -c -g -O2  conftest.c >&5
configure:7315: $? = 0
configure:7315: result: yes
configure:7315: checking for sys/stat.h
configure:7315: gcc -c -g -O2  conftest.c >&5
configure:7315: $? = 0
configure:7315: result: yes
configure:7315: checking for sys/types.h
configure:7315: gcc -c -g -O2  conftest.c >&5
configure:7315: $? = 0
configure:7315: result: yes
configure:7315: checking for unistd.h
configure:7315: gcc -c -g -O2  conftest.c >&5

## ---------------- ##
## Cache variables. ##
## ---------------- ##

ac_cv_build=x86_64-apple-darwin21.6.0
ac_cv_c_compiler_gnu=yes
ac_cv_env_CC_set=
ac_cv_env_CC_value=
ac_cv_env_CFLAGS_set=
ac_cv_env_CFLAGS_value=
ac_cv_env_CPPFLAGS_set=
ac_cv_env_CPPFLAGS_value=
ac_cv_env_CPP_set=
ac_cv_env_CPP_value=
ac_cv_env_DD_set=
ac_cv_env_DD_value=
ac_cv_env_EGREP_set=
ac_cv_env_EGREP_value=
ac_cv_env_FGREP_set=
ac_cv_env_FGREP_value=
ac_cv_env_GREP_set=
ac_cv_env_GREP_value=
ac_cv_env_LDFLAGS_set=
ac_cv_env_LDFLAGS_value=
ac_cv_env_LIBS_set=
ac_cv_env_LIBS_value=
ac_cv_env_MKTEMP_set=
ac_cv_env_MKTEMP_value=
ac_cv_env_NETSTAT_set=
ac_cv_env_NETSTAT_value=
ac_cv_env_SED_set=
ac_cv_env_SED_value=
ac_cv_env_TARGET6_set=
ac_cv_env_TARGET6_value=
ac_cv_env_TARGET_set=
ac_cv_env_TARGET_value=
ac_cv_env_YACC_set=
ac_cv_env_YACC_value=
ac_cv_env_YFLAGS_set=
ac_cv_env_YFLAGS_value=
ac_cv_env_build_alias_set=
ac_cv_env_build_alias_value=
ac_cv_env_host_alias_set=
ac_cv_env_host_alias_value=
ac_cv_env_target_alias_set=
ac_cv_env_target_alias_value=
ac_cv_header_inttypes_h=yes
ac_cv_header_stdint_h=yes
ac_cv_header_stdio_h=yes
ac_cv_header_stdlib_h=yes
ac_cv_header_string_h=yes
ac_cv_header_strings_h=yes
ac_cv_header_sys_stat_h=yes
ac_cv_header_sys_types_h=yes
ac_cv_host=x86_64-apple-darwin21.6.0
ac_cv_objext=o
ac_cv_path_install='/usr/local/bin/ginstall -c'
ac_cv_path_mkdir=/usr/local/bin/gmkdir
ac_cv_prog_AWK=awk
ac_cv_prog_ac_ct_CC=gcc
ac_cv_prog_cc_c11=
ac_cv_prog_cc_g=yes
ac_cv_prog_cc_stdc=
ac_cv_prog_make_make_set=yes
am_cv_CC_dependencies_compiler_type=gcc3
am_cv_make_support_nested_variables=yes
am_cv_prog_cc_c_o=yes
gl_cv_compiler_check_decl_option=-Werror=implicit-function-declaration
gl_cv_compiler_clang=yes

## ----------------- ##
## Output variables. ##
## ----------------- ##

ACLOCAL='${SHELL} /tmp/ft_ping/inetutils-2.0/build-aux/missing aclocal-1.16'
ALLOCA=''
ALLOCA_H=''
AMDEPBACKSLASH='\'
AMDEP_FALSE='#'
AMDEP_TRUE=''
AMTAR='$${TAR-tar}'
AM_BACKSLASH='\'
AM_DEFAULT_V='$(AM_DEFAULT_VERBOSITY)'
AM_DEFAULT_VERBOSITY='0'
AM_V='$(V)'
APPLE_UNIVERSAL_BUILD=''
AR=''
ARFLAGS=''
AUTOCONF='${SHELL} /tmp/ft_ping/inetutils-2.0/build-aux/missing autoconf'
AUTOHEADER='${SHELL} /tmp/ft_ping/inetutils-2.0/build-aux/missing autoheader'
AUTOMAKE='${SHELL} /tmp/ft_ping/inetutils-2.0/build-aux/missing automake-1.16'
AWK='awk'
BITSIZEOF_PTRDIFF_T=''
BITSIZEOF_SIG_ATOMIC_T=''
BITSIZEOF_SIZE_T=''
BITSIZEOF_WCHAR_T=''
BITSIZEOF_WINT_T=''
CC='gcc'
CCDEPMODE='depmode=gcc3'
CFLAGS='-g -O2'
CFLAG_VISIBILITY=''
CONFIG_INCLUDE=''
CPP=''
CPPFLAGS=''
CYGPATH_W='echo'
DD=''
DEFS=''
DEPDIR='.deps'
ECHO_C='\c'
ECHO_N=''
ECHO_T=''
EGREP=''
EMULTIHOP_HIDDEN=''
EMULTIHOP_VALUE=''
ENABLE_dnsdomainname_FALSE='#'
ENABLE_dnsdomainname_TRUE=''
ENABLE_ftp_FALSE='#'
ENABLE_ftp_TRUE=''
ENABLE_ftpd_FALSE='#'
ENABLE_ftpd_TRUE=''
ENABLE_hostname_FALSE='#'
ENABLE_hostname_TRUE=''
ENABLE_hstrerror_FALSE=''
ENABLE_hstrerror_TRUE=''
ENABLE_ifconfig_FALSE='#'
ENABLE_ifconfig_TRUE=''
ENABLE_inetd_FALSE='#'
ENABLE_inetd_TRUE=''
ENABLE_libls_FALSE=''
ENABLE_libls_TRUE=''
ENABLE_logger_FALSE='#'
ENABLE_logger_TRUE=''
ENABLE_ping6_FALSE='#'
ENABLE_ping6_TRUE=''
ENABLE_ping_FALSE='#'
ENABLE_ping_TRUE=''
ENABLE_rcp_FALSE='#'
ENABLE_rcp_TRUE=''
ENABLE_rexec_FALSE='#'
ENABLE_rexec_TRUE=''
ENABLE_rexecd_FALSE='#'
ENABLE_rexecd_TRUE=''
ENABLE_rlogin_FALSE='#'
ENABLE_rlogin_TRUE=''
ENABLE_rlogind_FALSE='#'
ENABLE_rlogind_TRUE=''
ENABLE_rsh_FALSE='#'
ENABLE_rsh_TRUE=''
ENABLE_rshd_FALSE='#'
ENABLE_rshd_TRUE=''
ENABLE_syslogd_FALSE='#'
ENABLE_syslogd_TRUE=''
ENABLE_talk_FALSE='#'
ENABLE_talk_TRUE=''
ENABLE_talkd_FALSE='#'
ENABLE_talkd_TRUE=''
ENABLE_telnet_FALSE='#'
ENABLE_telnet_TRUE=''
ENABLE_telnetd_FALSE='#'
ENABLE_telnetd_TRUE=''
ENABLE_tftp_FALSE='#'
ENABLE_tftp_TRUE=''
ENABLE_tftpd_FALSE='#'
ENABLE_tftpd_TRUE=''
ENABLE_traceroute_FALSE='#'
ENABLE_traceroute_TRUE=''
ENABLE_uucpd_FALSE='#'
ENABLE_uucpd_TRUE=''
ENABLE_whois_FALSE='#'
ENABLE_whois_TRUE=''
ENOLINK_HIDDEN=''
ENOLINK_VALUE=''
EOVERFLOW_HIDDEN=''
EOVERFLOW_VALUE=''
ERRNO_H=''
EXEEXT=''
FGREP=''
FLOAT_H=''
FNMATCH_H=''
FTPD_LIBPAM=''
GETADDRINFO_LIB=''
GETHOSTNAME_LIB=''
GETOPT_CDEFS_H=''
GETOPT_H=''
GLOB_H=''
GL_COND_LIBTOOL_FALSE=''
GL_COND_LIBTOOL_TRUE=''
GL_GENERATE_ALLOCA_H_FALSE=''
GL_GENERATE_ALLOCA_H_TRUE=''
GL_GENERATE_ERRNO_H_FALSE=''
GL_GENERATE_ERRNO_H_TRUE=''
GL_GENERATE_FLOAT_H_FALSE=''
GL_GENERATE_FLOAT_H_TRUE=''
GL_GENERATE_FNMATCH_H_FALSE=''
GL_GENERATE_FNMATCH_H_TRUE=''
GL_GENERATE_GLOB_H_FALSE=''
GL_GENERATE_GLOB_H_TRUE=''
GL_GENERATE_LIMITS_H_FALSE=''
GL_GENERATE_LIMITS_H_TRUE=''
GL_GENERATE_NETINET_IN_H_FALSE=''
GL_GENERATE_NETINET_IN_H_TRUE=''
GL_GENERATE_STDALIGN_H_FALSE=''
GL_GENERATE_STDALIGN_H_TRUE=''
GL_GENERATE_STDARG_H_FALSE=''
GL_GENERATE_STDARG_H_TRUE=''
GL_GENERATE_STDBOOL_H_FALSE=''
GL_GENERATE_STDBOOL_H_TRUE=''
GL_GENERATE_STDDEF_H_FALSE=''
GL_GENERATE_STDDEF_H_TRUE=''
GL_GENERATE_STDINT_H_FALSE=''
GL_GENERATE_STDINT_H_TRUE=''
GL_GENERATE_SYSEXITS_H_FALSE=''
GL_GENERATE_SYSEXITS_H_TRUE=''
GNULIB_ACCEPT4=''
GNULIB_ACCEPT=''
GNULIB_ACCESS=''
GNULIB_ALIGNED_ALLOC=''
GNULIB_ALPHASORT=''
GNULIB_ATOLL=''
GNULIB_BIND=''
GNULIB_BTOWC=''
GNULIB_CALLOC_POSIX=''
GNULIB_CANONICALIZE_FILE_NAME=''
GNULIB_CHDIR=''
GNULIB_CHOWN=''
GNULIB_CLOSE=''
GNULIB_CLOSEDIR=''
GNULIB_CONNECT=''
GNULIB_COPY_FILE_RANGE=''
GNULIB_CREAT=''
GNULIB_CTIME=''
GNULIB_DIRFD=''
GNULIB_DPRINTF=''
GNULIB_DUP2=''
GNULIB_DUP3=''
GNULIB_DUP=''
GNULIB_DUPLOCALE=''
GNULIB_ENVIRON=''
GNULIB_EUIDACCESS=''
GNULIB_EXECL=''
GNULIB_EXECLE=''
GNULIB_EXECLP=''
GNULIB_EXECV=''
GNULIB_EXECVE=''
GNULIB_EXECVP=''
GNULIB_EXECVPE=''
GNULIB_EXPLICIT_BZERO=''
GNULIB_FACCESSAT=''
GNULIB_FCHDIR=''
GNULIB_FCHMODAT=''
GNULIB_FCHOWNAT=''
GNULIB_FCLOSE=''
GNULIB_FCNTL=''
GNULIB_FDATASYNC=''
GNULIB_FDOPEN=''
GNULIB_FDOPENDIR=''
GNULIB_FFLUSH=''
GNULIB_FFS=''
GNULIB_FFSL=''
GNULIB_FFSLL=''
GNULIB_FGETC=''
GNULIB_FGETS=''
GNULIB_FNMATCH=''
GNULIB_FOPEN=''
GNULIB_FORKPTY=''
GNULIB_FPRINTF=''
GNULIB_FPRINTF_POSIX=''
GNULIB_FPURGE=''
GNULIB_FPUTC=''
GNULIB_FPUTS=''
GNULIB_FREAD=''
GNULIB_FREE_POSIX=''
GNULIB_FREOPEN=''
GNULIB_FSCANF=''
GNULIB_FSEEK=''
GNULIB_FSEEKO=''
GNULIB_FSTAT=''
GNULIB_FSTATAT=''
GNULIB_FSYNC=''
GNULIB_FTELL=''
GNULIB_FTELLO=''
GNULIB_FTRUNCATE=''
GNULIB_FUTIMENS=''
GNULIB_FWRITE=''
GNULIB_GETADDRINFO=''
GNULIB_GETC=''
GNULIB_GETCHAR=''
GNULIB_GETCWD=''
GNULIB_GETDELIM=''
GNULIB_GETDOMAINNAME=''
GNULIB_GETDTABLESIZE=''
GNULIB_GETENTROPY=''
GNULIB_GETGROUPS=''
GNULIB_GETHOSTNAME=''
GNULIB_GETLINE=''
GNULIB_GETLOADAVG=''
GNULIB_GETLOGIN=''
GNULIB_GETLOGIN_R=''
GNULIB_GETOPT_POSIX=''
GNULIB_GETPAGESIZE=''
GNULIB_GETPASS=''
GNULIB_GETPEERNAME=''
GNULIB_GETRANDOM=''
GNULIB_GETSOCKNAME=''
GNULIB_GETSOCKOPT=''
GNULIB_GETSUBOPT=''
GNULIB_GETTIMEOFDAY=''
GNULIB_GETUMASK=''
GNULIB_GETUSERSHELL=''
GNULIB_GLOB=''
GNULIB_GL_UNISTD_H_GETOPT=''
GNULIB_GRANTPT=''
GNULIB_GROUP_MEMBER=''
GNULIB_IMAXABS=''
GNULIB_IMAXDIV=''
GNULIB_INET_NTOP=''
GNULIB_INET_PTON=''
GNULIB_IOCTL=''
GNULIB_ISATTY=''
GNULIB_ISBLANK=''
GNULIB_ISWBLANK=''
GNULIB_ISWCTYPE=''
GNULIB_ISWDIGIT=''
GNULIB_ISWXDIGIT=''
GNULIB_LCHMOD=''
GNULIB_LCHOWN=''
GNULIB_LINK=''
GNULIB_LINKAT=''
GNULIB_LISTEN=''
GNULIB_LOCALECONV=''
GNULIB_LOCALENAME=''
GNULIB_LOCALTIME=''
GNULIB_LSEEK=''
GNULIB_LSTAT=''
GNULIB_MALLOC_POSIX=''
GNULIB_MBRLEN=''
GNULIB_MBRTOWC=''
GNULIB_MBSCASECMP=''
GNULIB_MBSCASESTR=''
GNULIB_MBSCHR=''
GNULIB_MBSCSPN=''
GNULIB_MBSINIT=''
GNULIB_MBSLEN=''
GNULIB_MBSNCASECMP=''
GNULIB_MBSNLEN=''
GNULIB_MBSNRTOWCS=''
GNULIB_MBSPBRK=''
GNULIB_MBSPCASECMP=''
GNULIB_MBSRCHR=''
GNULIB_MBSRTOWCS=''
GNULIB_MBSSEP=''
GNULIB_MBSSPN=''
GNULIB_MBSSTR=''
GNULIB_MBSTOK_R=''
GNULIB_MBTOWC=''
GNULIB_MDA_ACCESS=''
GNULIB_MDA_CHDIR=''
GNULIB_MDA_CHMOD=''
GNULIB_MDA_CLOSE=''
GNULIB_MDA_CREAT=''
GNULIB_MDA_DUP2=''
GNULIB_MDA_DUP=''
GNULIB_MDA_ECVT=''
GNULIB_MDA_EXECL=''
GNULIB_MDA_EXECLE=''
GNULIB_MDA_EXECLP=''
GNULIB_MDA_EXECV=''
GNULIB_MDA_EXECVE=''
GNULIB_MDA_EXECVP=''
GNULIB_MDA_EXECVPE=''
GNULIB_MDA_FCLOSEALL=''
GNULIB_MDA_FCVT=''
GNULIB_MDA_FDOPEN=''
GNULIB_MDA_FILENO=''
GNULIB_MDA_GCVT=''
GNULIB_MDA_GETCWD=''
GNULIB_MDA_GETPID=''
GNULIB_MDA_GETW=''
GNULIB_MDA_ISATTY=''
GNULIB_MDA_LSEEK=''
GNULIB_MDA_MEMCCPY=''
GNULIB_MDA_MKDIR=''
GNULIB_MDA_MKTEMP=''
GNULIB_MDA_OPEN=''
GNULIB_MDA_PUTENV=''
GNULIB_MDA_PUTW=''
GNULIB_MDA_READ=''
GNULIB_MDA_RMDIR=''
GNULIB_MDA_STRDUP=''
GNULIB_MDA_SWAB=''
GNULIB_MDA_TEMPNAM=''
GNULIB_MDA_TZSET=''
GNULIB_MDA_UMASK=''
GNULIB_MDA_UNLINK=''
GNULIB_MDA_WCSDUP=''
GNULIB_MDA_WRITE=''
GNULIB_MEMCHR=''
GNULIB_MEMMEM=''
GNULIB_MEMPCPY=''
GNULIB_MEMRCHR=''
GNULIB_MKDIR=''
GNULIB_MKDIRAT=''
GNULIB_MKDTEMP=''
GNULIB_MKFIFO=''
GNULIB_MKFIFOAT=''
GNULIB_MKNOD=''
GNULIB_MKNODAT=''
GNULIB_MKOSTEMP=''
GNULIB_MKOSTEMPS=''
GNULIB_MKSTEMP=''
GNULIB_MKSTEMPS=''
GNULIB_MKTIME=''
GNULIB_NANOSLEEP=''
GNULIB_NL_LANGINFO=''
GNULIB_NONBLOCKING=''
GNULIB_OBSTACK_PRINTF=''
GNULIB_OBSTACK_PRINTF_POSIX=''
GNULIB_OPEN=''
GNULIB_OPENAT=''
GNULIB_OPENDIR=''
GNULIB_OPENPTY=''
GNULIB_OVERRIDES_STRUCT_STAT=''
GNULIB_OVERRIDES_WINT_T=''
GNULIB_PCLOSE=''
GNULIB_PERROR=''
GNULIB_PIPE2=''
GNULIB_PIPE=''
GNULIB_POLL=''
GNULIB_POPEN=''
GNULIB_POSIX_MEMALIGN=''
GNULIB_POSIX_OPENPT=''
GNULIB_PREAD=''
GNULIB_PRINTF=''
GNULIB_PRINTF_POSIX=''
GNULIB_PSELECT=''
GNULIB_PTHREAD_SIGMASK=''
GNULIB_PTSNAME=''
GNULIB_PTSNAME_R=''
GNULIB_PUTC=''
GNULIB_PUTCHAR=''
GNULIB_PUTENV=''
GNULIB_PUTS=''
GNULIB_PWRITE=''
GNULIB_QSORT_R=''
GNULIB_RAISE=''
GNULIB_RANDOM=''
GNULIB_RANDOM_R=''
GNULIB_RAWMEMCHR=''
GNULIB_READ=''
GNULIB_READDIR=''
GNULIB_READLINK=''
GNULIB_READLINKAT=''
GNULIB_REALLOCARRAY=''
GNULIB_REALLOC_POSIX=''
GNULIB_REALPATH=''
GNULIB_RECV=''
GNULIB_RECVFROM=''
GNULIB_REMOVE=''
GNULIB_RENAME=''
GNULIB_RENAMEAT=''
GNULIB_REWINDDIR=''
GNULIB_RMDIR=''
GNULIB_RPMATCH=''
GNULIB_SCANDIR=''
GNULIB_SCANF=''
GNULIB_SECURE_GETENV=''
GNULIB_SELECT=''
GNULIB_SEND=''
GNULIB_SENDTO=''
GNULIB_SETENV=''
GNULIB_SETHOSTNAME=''
GNULIB_SETLOCALE=''
GNULIB_SETLOCALE_NULL=''
GNULIB_SETSOCKOPT=''
GNULIB_SHUTDOWN=''
GNULIB_SIGABBREV_NP=''
GNULIB_SIGACTION=''
GNULIB_SIGDESCR_NP=''
GNULIB_SIGNAL_H_SIGPIPE=''
GNULIB_SIGPROCMASK=''
GNULIB_SLEEP=''
GNULIB_SNPRINTF=''
GNULIB_SOCKET=''
GNULIB_SPRINTF_POSIX=''
GNULIB_STAT=''
GNULIB_STDIO_H_NONBLOCKING=''
GNULIB_STDIO_H_SIGPIPE=''
GNULIB_STPCPY=''
GNULIB_STPNCPY=''
GNULIB_STRCASESTR=''
GNULIB_STRCHRNUL=''
GNULIB_STRDUP=''
GNULIB_STRERROR=''
GNULIB_STRERRORNAME_NP=''
GNULIB_STRERROR_R=''
GNULIB_STRFTIME=''
GNULIB_STRNCAT=''
GNULIB_STRNDUP=''
GNULIB_STRNLEN=''
GNULIB_STRPBRK=''
GNULIB_STRPTIME=''
GNULIB_STRSEP=''
GNULIB_STRSIGNAL=''
GNULIB_STRSTR=''
GNULIB_STRTOD=''
GNULIB_STRTOIMAX=''
GNULIB_STRTOK_R=''
GNULIB_STRTOLD=''
GNULIB_STRTOLL=''
GNULIB_STRTOULL=''
GNULIB_STRTOUMAX=''
GNULIB_STRVERSCMP=''
GNULIB_SYMLINK=''
GNULIB_SYMLINKAT=''
GNULIB_SYSTEM_POSIX=''
GNULIB_TCGETSID=''
GNULIB_TIMEGM=''
GNULIB_TIMESPEC_GET=''
GNULIB_TIME_R=''
GNULIB_TIME_RZ=''
GNULIB_TMPFILE=''
GNULIB_TOWCTRANS=''
GNULIB_TRUNCATE=''
GNULIB_TTYNAME_R=''
GNULIB_TZSET=''
GNULIB_UNISTD_H_NONBLOCKING=''
GNULIB_UNISTD_H_SIGPIPE=''
GNULIB_UNLINK=''
GNULIB_UNLINKAT=''
GNULIB_UNLOCKPT=''
GNULIB_UNSETENV=''
GNULIB_USLEEP=''
GNULIB_UTIMENSAT=''
GNULIB_VASPRINTF=''
GNULIB_VDPRINTF=''
GNULIB_VFPRINTF=''
GNULIB_VFPRINTF_POSIX=''
GNULIB_VFSCANF=''
GNULIB_VPRINTF=''
GNULIB_VPRINTF_POSIX=''
GNULIB_VSCANF=''
GNULIB_VSNPRINTF=''
GNULIB_VSPRINTF_POSIX=''
GNULIB_WCPCPY=''
GNULIB_WCPNCPY=''
GNULIB_WCRTOMB=''
GNULIB_WCSCASECMP=''
GNULIB_WCSCAT=''
GNULIB_WCSCHR=''
GNULIB_WCSCMP=''
GNULIB_WCSCOLL=''
GNULIB_WCSCPY=''
GNULIB_WCSCSPN=''
GNULIB_WCSDUP=''
GNULIB_WCSFTIME=''
GNULIB_WCSLEN=''
GNULIB_WCSNCASECMP=''
GNULIB_WCSNCAT=''
GNULIB_WCSNCMP=''
GNULIB_WCSNCPY=''
GNULIB_WCSNLEN=''
GNULIB_WCSNRTOMBS=''
GNULIB_WCSPBRK=''
GNULIB_WCSRCHR=''
GNULIB_WCSRTOMBS=''
GNULIB_WCSSPN=''
GNULIB_WCSSTR=''
GNULIB_WCSTOK=''
GNULIB_WCSWIDTH=''
GNULIB_WCSXFRM=''
GNULIB_WCTOB=''
GNULIB_WCTOMB=''
GNULIB_WCTRANS=''
GNULIB_WCTYPE=''
GNULIB_WCWIDTH=''
GNULIB_WMEMCHR=''
GNULIB_WMEMCMP=''
GNULIB_WMEMCPY=''
GNULIB_WMEMMOVE=''
GNULIB_WMEMPCPY=''
GNULIB_WMEMSET=''
GNULIB_WRITE=''
GNULIB__EXIT=''
GREP=''
HAVE_ACCEPT4=''
HAVE_ALIGNED_ALLOC=''
HAVE_ALLOCA_H=''
HAVE_ALPHASORT=''
HAVE_ARPA_INET_H=''
HAVE_ATOLL=''
HAVE_BTOWC=''
HAVE_C99_STDINT_H=''
HAVE_CANONICALIZE_FILE_NAME=''
HAVE_CHOWN=''
HAVE_CLOSEDIR=''
HAVE_COPY_FILE_RANGE=''
HAVE_CRTDEFS_H=''
HAVE_DECL_DIRFD=''
HAVE_DECL_ECVT=''
HAVE_DECL_ENVIRON=''
HAVE_DECL_EXECVPE=''
HAVE_DECL_FCHDIR=''
HAVE_DECL_FCLOSEALL=''
HAVE_DECL_FCVT=''
HAVE_DECL_FDATASYNC=''
HAVE_DECL_FDOPENDIR=''
HAVE_DECL_FPURGE=''
HAVE_DECL_FREEADDRINFO=''
HAVE_DECL_FSEEKO=''
HAVE_DECL_FTELLO=''
HAVE_DECL_GAI_STRERROR=''
HAVE_DECL_GCVT=''
HAVE_DECL_GETADDRINFO=''
HAVE_DECL_GETDELIM=''
HAVE_DECL_GETDOMAINNAME=''
HAVE_DECL_GETLINE=''
HAVE_DECL_GETLOADAVG=''
HAVE_DECL_GETLOGIN=''
HAVE_DECL_GETLOGIN_R=''
HAVE_DECL_GETNAMEINFO=''
HAVE_DECL_GETPAGESIZE=''
HAVE_DECL_GETUSERSHELL=''
HAVE_DECL_IMAXABS=''
HAVE_DECL_IMAXDIV=''
HAVE_DECL_INET_NTOP=''
HAVE_DECL_INET_PTON=''
HAVE_DECL_INITSTATE=''
HAVE_DECL_LOCALTIME_R=''
HAVE_DECL_MEMMEM=''
HAVE_DECL_MEMRCHR=''
HAVE_DECL_OBSTACK_PRINTF=''
HAVE_DECL_SETENV=''
HAVE_DECL_SETHOSTNAME=''
HAVE_DECL_SETSTATE=''
HAVE_DECL_SNPRINTF=''
HAVE_DECL_STRDUP=''
HAVE_DECL_STRERROR_R=''
HAVE_DECL_STRNCASECMP=''
HAVE_DECL_STRNDUP=''
HAVE_DECL_STRNLEN=''
HAVE_DECL_STRSIGNAL=''
HAVE_DECL_STRTOIMAX=''
HAVE_DECL_STRTOK_R=''
HAVE_DECL_STRTOUMAX=''
HAVE_DECL_TCGETSID=''
HAVE_DECL_TRUNCATE=''
HAVE_DECL_TTYNAME_R=''
HAVE_DECL_UNSETENV=''
HAVE_DECL_VSNPRINTF=''
HAVE_DECL_WCSDUP=''
HAVE_DECL_WCTOB=''
HAVE_DECL_WCWIDTH=''
HAVE_DIRENT_H=''
HAVE_DPRINTF=''
HAVE_DUP3=''
HAVE_DUPLOCALE=''
HAVE_EUIDACCESS=''
HAVE_EXECVPE=''
HAVE_EXPLICIT_BZERO=''
HAVE_FACCESSAT=''
HAVE_FCHDIR=''
HAVE_FCHMODAT=''
HAVE_FCHOWNAT=''
HAVE_FCNTL=''
HAVE_FDATASYNC=''
HAVE_FDOPENDIR=''
HAVE_FEATURES_H=''
HAVE_FFS=''
HAVE_FFSL=''
HAVE_FFSLL=''
HAVE_FNMATCH=''
HAVE_FNMATCH_H=''
HAVE_FORKPTY=''
HAVE_FREELOCALE=''
HAVE_FSEEKO=''
HAVE_FSTATAT=''
HAVE_FSYNC=''
HAVE_FTELLO=''
HAVE_FTRUNCATE=''
HAVE_FUTIMENS=''
HAVE_GETDTABLESIZE=''
HAVE_GETENTROPY=''
HAVE_GETGROUPS=''
HAVE_GETHOSTNAME=''
HAVE_GETLOGIN=''
HAVE_GETOPT_H=''
HAVE_GETPAGESIZE=''
HAVE_GETPASS=''
HAVE_GETRANDOM=''
HAVE_GETSUBOPT=''
HAVE_GETTIMEOFDAY=''
HAVE_GETUMASK=''
HAVE_GLOB=''
HAVE_GLOB_H=''
HAVE_GLOB_PATTERN_P=''
HAVE_GRANTPT=''
HAVE_GROUP_MEMBER=''
HAVE_IMAXDIV_T=''
HAVE_INITSTATE=''
HAVE_INTTYPES_H=''
HAVE_ISBLANK=''
HAVE_ISWBLANK=''
HAVE_ISWCNTRL=''
HAVE_LANGINFO_ALTMON=''
HAVE_LANGINFO_CODESET=''
HAVE_LANGINFO_ERA=''
HAVE_LANGINFO_H=''
HAVE_LANGINFO_T_FMT_AMPM=''
HAVE_LANGINFO_YESEXPR=''
HAVE_LCHMOD=''
HAVE_LCHOWN=''
HAVE_LIBUTIL_H=''
HAVE_LINK=''
HAVE_LINKAT=''
HAVE_LSTAT=''
HAVE_MAX_ALIGN_T=''
HAVE_MBRLEN=''
HAVE_MBRTOWC=''
HAVE_MBSINIT=''
HAVE_MBSLEN=''
HAVE_MBSNRTOWCS=''
HAVE_MBSRTOWCS=''
HAVE_MBTOWC=''
HAVE_MEMPCPY=''
HAVE_MKDIRAT=''
HAVE_MKDTEMP=''
HAVE_MKFIFO=''
HAVE_MKFIFOAT=''
HAVE_MKNOD=''
HAVE_MKNODAT=''
HAVE_MKOSTEMP=''
HAVE_MKOSTEMPS=''
HAVE_MKSTEMP=''
HAVE_MKSTEMPS=''
HAVE_MSVC_INVALID_PARAMETER_HANDLER=''
HAVE_NANOSLEEP=''
HAVE_NETDB_H=''
HAVE_NETINET_IN_H=''
HAVE_NEWLOCALE=''
HAVE_NL_LANGINFO=''
HAVE_OPENAT=''
HAVE_OPENDIR=''
HAVE_OPENPTY=''
HAVE_OS_H=''
HAVE_PCLOSE=''
HAVE_PIPE2=''
HAVE_PIPE=''
HAVE_POLL=''
HAVE_POLL_H=''
HAVE_POPEN=''
HAVE_POSIX_MEMALIGN=''
HAVE_POSIX_OPENPT=''
HAVE_POSIX_SIGNALBLOCKING=''
HAVE_PREAD=''
HAVE_PSELECT=''
HAVE_PTHREAD_SIGMASK=''
HAVE_PTSNAME=''
HAVE_PTSNAME_R=''
HAVE_PTY_H=''
HAVE_PWRITE=''
HAVE_QSORT_R=''
HAVE_RAISE=''
HAVE_RANDOM=''
HAVE_RANDOM_H=''
HAVE_RANDOM_R=''
HAVE_RAWMEMCHR=''
HAVE_READDIR=''
HAVE_READLINK=''
HAVE_READLINKAT=''
HAVE_REALLOCARRAY=''
HAVE_REALPATH=''
HAVE_RENAMEAT=''
HAVE_REWINDDIR=''
HAVE_RPMATCH=''
HAVE_SA_FAMILY_T=''
HAVE_SCANDIR=''
HAVE_SECURE_GETENV=''
HAVE_SETENV=''
HAVE_SETHOSTNAME=''
HAVE_SETSTATE=''
HAVE_SIGABBREV_NP=''
HAVE_SIGACTION=''
HAVE_SIGDESCR_NP=''
HAVE_SIGHANDLER_T=''
HAVE_SIGINFO_T=''
HAVE_SIGNED_SIG_ATOMIC_T=''
HAVE_SIGNED_WCHAR_T=''
HAVE_SIGNED_WINT_T=''
HAVE_SIGSET_T=''
HAVE_SLEEP=''
HAVE_STDINT_H=''
HAVE_STPCPY=''
HAVE_STPNCPY=''
HAVE_STRCASECMP=''
HAVE_STRCASESTR=''
HAVE_STRCHRNUL=''
HAVE_STRERRORNAME_NP=''
HAVE_STRINGS_H=''
HAVE_STRPBRK=''
HAVE_STRPTIME=''
HAVE_STRSEP=''
HAVE_STRTOD=''
HAVE_STRTOLD=''
HAVE_STRTOLL=''
HAVE_STRTOULL=''
HAVE_STRUCT_ADDRINFO=''
HAVE_STRUCT_RANDOM_DATA=''
HAVE_STRUCT_SIGACTION_SA_SIGACTION=''
HAVE_STRUCT_SOCKADDR_STORAGE=''
HAVE_STRUCT_SOCKADDR_STORAGE_SS_FAMILY=''
HAVE_STRUCT_TIMEVAL=''
HAVE_STRVERSCMP=''
HAVE_SYMLINK=''
HAVE_SYMLINKAT=''
HAVE_SYSEXITS_H=''
HAVE_SYS_BITYPES_H=''
HAVE_SYS_CDEFS_H=''
HAVE_SYS_INTTYPES_H=''
HAVE_SYS_IOCTL_H=''
HAVE_SYS_LOADAVG_H=''
HAVE_SYS_PARAM_H=''
HAVE_SYS_RANDOM_H=''
HAVE_SYS_SELECT_H=''
HAVE_SYS_SOCKET_H=''
HAVE_SYS_TIME_H=''
HAVE_SYS_TYPES_H=''
HAVE_SYS_UIO_H=''
HAVE_TERMIOS_H=''
HAVE_TIMEGM=''
HAVE_TIMESPEC_GET=''
HAVE_TIMEZONE_T=''
HAVE_TYPE_VOLATILE_SIG_ATOMIC_T=''
HAVE_UNISTD_H=''
HAVE_UNLINKAT=''
HAVE_UNLOCKPT=''
HAVE_USLEEP=''
HAVE_UTIL_H=''
HAVE_UTIMENSAT=''
HAVE_VASPRINTF=''
HAVE_VDPRINTF=''
HAVE_VISIBILITY=''
HAVE_WCHAR_H=''
HAVE_WCHAR_T=''
HAVE_WCPCPY=''
HAVE_WCPNCPY=''
HAVE_WCRTOMB=''
HAVE_WCSCASECMP=''
HAVE_WCSCAT=''
HAVE_WCSCHR=''
HAVE_WCSCMP=''
HAVE_WCSCOLL=''
HAVE_WCSCPY=''
HAVE_WCSCSPN=''
HAVE_WCSDUP=''
HAVE_WCSFTIME=''
HAVE_WCSLEN=''
HAVE_WCSNCASECMP=''
HAVE_WCSNCAT=''
HAVE_WCSNCMP=''
HAVE_WCSNCPY=''
HAVE_WCSNLEN=''
HAVE_WCSNRTOMBS=''
HAVE_WCSPBRK=''
HAVE_WCSRCHR=''
HAVE_WCSRTOMBS=''
HAVE_WCSSPN=''
HAVE_WCSSTR=''
HAVE_WCSTOK=''
HAVE_WCSWIDTH=''
HAVE_WCSXFRM=''
HAVE_WCTRANS_T=''
HAVE_WCTYPE_H=''
HAVE_WCTYPE_T=''
HAVE_WINSOCK2_H=''
HAVE_WINT_T=''
HAVE_WMEMCHR=''
HAVE_WMEMCMP=''
HAVE_WMEMCPY=''
HAVE_WMEMMOVE=''
HAVE_WMEMPCPY=''
HAVE_WMEMSET=''
HAVE_WS2TCPIP_H=''
HAVE_XLOCALE_H=''
HAVE__BOOL=''
HAVE__EXIT=''
HELP2MAN=''
HOSTENT_LIB=''
INCAUTH=''
INCIDN=''
INCLUDE_NEXT=''
INCLUDE_NEXT_AS_FIRST_DIRECTIVE=''
INET_NTOP_LIB=''
INSTALL_DATA='${INSTALL} -m 644'
INSTALL_PROGRAM='${INSTALL}'
INSTALL_SCRIPT='${INSTALL}'
INSTALL_STRIP_PROGRAM='$(install_sh) -c -s'
INT32_MAX_LT_INTMAX_MAX=''
INT64_MAX_EQ_LONG_MAX=''
KERBEROS_VERSION=''
KRB5CFGPATH=''
LDFLAGS=''
LIBAUTH=''
LIBCRYPT=''
LIBCURSES=''
LIBDL=''
LIBGNU_LIBDEPS=''
LIBGNU_LTLIBDEPS=''
LIBIDN=''
LIBINTL=''
LIBLS=''
LIBMULTITHREAD=''
LIBNCURSES=''
LIBOBJS=''
LIBPAM=''
LIBPMULTITHREAD=''
LIBPTHREAD=''
LIBREADLINE=''
LIBRESOLV=''
LIBS=''
LIBSOCKET=''
LIBSTDTHREAD=''
LIBTERMCAP=''
LIBTHREAD=''
LIBUTIL=''
LIBWRAP=''
LIB_CLOCK_GETTIME=''
LIB_GETLOGIN=''
LIB_GETRANDOM=''
LIB_HARD_LOCALE=''
LIB_MBRTOWC=''
LIB_NL_LANGINFO=''
LIB_POLL=''
LIB_SCHED_YIELD=''
LIB_SELECT=''
LIB_SETLOCALE_NULL=''
LIMITS_H=''
LN_S=''
LOCALCHARSET_TESTS_ENVIRONMENT=''
LOCALENAME_ENHANCE_LOCALE_FUNCS=''
LOCALE_FR=''
LOCALE_FR_UTF8=''
LOCALE_JA=''
LOCALE_ZH_CN=''
LTLIBINTL=''
LTLIBMULTITHREAD=''
LTLIBOBJS=''
LTLIBREADLINE=''
LTLIBTHREAD=''
MAKEINFO='${SHELL} /tmp/ft_ping/inetutils-2.0/build-aux/missing makeinfo'
MKDIR_P='/usr/local/bin/gmkdir -p'
MKTEMP=''
NCURSES_INCLUDE=''
NETINET_IN_H=''
NETSTAT=''
NEXT_ARPA_INET_H=''
NEXT_AS_FIRST_DIRECTIVE_ARPA_INET_H=''
NEXT_AS_FIRST_DIRECTIVE_CTYPE_H=''
NEXT_AS_FIRST_DIRECTIVE_DIRENT_H=''
NEXT_AS_FIRST_DIRECTIVE_ERRNO_H=''
NEXT_AS_FIRST_DIRECTIVE_FCNTL_H=''
NEXT_AS_FIRST_DIRECTIVE_FLOAT_H=''
NEXT_AS_FIRST_DIRECTIVE_FNMATCH_H=''
NEXT_AS_FIRST_DIRECTIVE_GETOPT_H=''
NEXT_AS_FIRST_DIRECTIVE_GLOB_H=''
NEXT_AS_FIRST_DIRECTIVE_INTTYPES_H=''
NEXT_AS_FIRST_DIRECTIVE_LANGINFO_H=''
NEXT_AS_FIRST_DIRECTIVE_LIMITS_H=''
NEXT_AS_FIRST_DIRECTIVE_LOCALE_H=''
NEXT_AS_FIRST_DIRECTIVE_NETDB_H=''
NEXT_AS_FIRST_DIRECTIVE_NETINET_IN_H=''
NEXT_AS_FIRST_DIRECTIVE_POLL_H=''
NEXT_AS_FIRST_DIRECTIVE_PTY_H=''
NEXT_AS_FIRST_DIRECTIVE_SIGNAL_H=''
NEXT_AS_FIRST_DIRECTIVE_STDARG_H=''
NEXT_AS_FIRST_DIRECTIVE_STDDEF_H=''
NEXT_AS_FIRST_DIRECTIVE_STDINT_H=''
NEXT_AS_FIRST_DIRECTIVE_STDIO_H=''
NEXT_AS_FIRST_DIRECTIVE_STDLIB_H=''
NEXT_AS_FIRST_DIRECTIVE_STRINGS_H=''
NEXT_AS_FIRST_DIRECTIVE_STRING_H=''
NEXT_AS_FIRST_DIRECTIVE_SYSEXITS_H=''
NEXT_AS_FIRST_DIRECTIVE_SYS_IOCTL_H=''
NEXT_AS_FIRST_DIRECTIVE_SYS_RANDOM_H=''
NEXT_AS_FIRST_DIRECTIVE_SYS_SELECT_H=''
NEXT_AS_FIRST_DIRECTIVE_SYS_SOCKET_H=''
NEXT_AS_FIRST_DIRECTIVE_SYS_STAT_H=''
NEXT_AS_FIRST_DIRECTIVE_SYS_TIME_H=''
NEXT_AS_FIRST_DIRECTIVE_SYS_TYPES_H=''
NEXT_AS_FIRST_DIRECTIVE_SYS_UIO_H=''
NEXT_AS_FIRST_DIRECTIVE_TERMIOS_H=''
NEXT_AS_FIRST_DIRECTIVE_TIME_H=''
NEXT_AS_FIRST_DIRECTIVE_UNISTD_H=''
NEXT_AS_FIRST_DIRECTIVE_WCHAR_H=''
NEXT_AS_FIRST_DIRECTIVE_WCTYPE_H=''
NEXT_CTYPE_H=''
NEXT_DIRENT_H=''
NEXT_ERRNO_H=''
NEXT_FCNTL_H=''
NEXT_FLOAT_H=''
NEXT_FNMATCH_H=''
NEXT_GETOPT_H=''
NEXT_GLOB_H=''
NEXT_INTTYPES_H=''
NEXT_LANGINFO_H=''
NEXT_LIMITS_H=''
NEXT_LOCALE_H=''
NEXT_NETDB_H=''
NEXT_NETINET_IN_H=''
NEXT_POLL_H=''
NEXT_PTY_H=''
NEXT_SIGNAL_H=''
NEXT_STDARG_H=''
NEXT_STDDEF_H=''
NEXT_STDINT_H=''
NEXT_STDIO_H=''
NEXT_STDLIB_H=''
NEXT_STRINGS_H=''
NEXT_STRING_H=''
NEXT_SYSEXITS_H=''
NEXT_SYS_IOCTL_H=''
NEXT_SYS_RANDOM_H=''
NEXT_SYS_SELECT_H=''
NEXT_SYS_SOCKET_H=''
NEXT_SYS_STAT_H=''
NEXT_SYS_TIME_H=''
NEXT_SYS_TYPES_H=''
NEXT_SYS_UIO_H=''
NEXT_TERMIOS_H=''
NEXT_TIME_H=''
NEXT_UNISTD_H=''
NEXT_WCHAR_H=''
NEXT_WCTYPE_H=''
OBJEXT='o'
PACKAGE='inetutils'
PACKAGE_BUGREPORT='bug-inetutils@gnu.org'
PACKAGE_NAME='GNU inetutils'
PACKAGE_STRING='GNU inetutils 2.0'
PACKAGE_TARNAME='inetutils'
PACKAGE_URL='https://www.gnu.org/software/inetutils/'
PACKAGE_VERSION='2.0'
PATH_SEPARATOR=':'
PRAGMA_COLUMNS=''
PRAGMA_SYSTEM_HEADER=''
PRIPTR_PREFIX=''
PTHREAD_H_DEFINES_STRUCT_TIMESPEC=''
PTRDIFF_T_SUFFIX=''
PTY_LIB=''
RANLIB=''
REPLACE_ACCESS=''
REPLACE_ALIGNED_ALLOC=''
REPLACE_BTOWC=''
REPLACE_CALLOC=''
REPLACE_CANONICALIZE_FILE_NAME=''
REPLACE_CHOWN=''
REPLACE_CLOSE=''
REPLACE_CLOSEDIR=''
REPLACE_CREAT=''
REPLACE_CTIME=''
REPLACE_DIRFD=''
REPLACE_DPRINTF=''
REPLACE_DUP2=''
REPLACE_DUP=''
REPLACE_DUPLOCALE=''
REPLACE_EXECL=''
REPLACE_EXECLE=''
REPLACE_EXECLP=''
REPLACE_EXECV=''
REPLACE_EXECVE=''
REPLACE_EXECVP=''
REPLACE_EXECVPE=''
REPLACE_FACCESSAT=''
REPLACE_FCHMODAT=''
REPLACE_FCHOWNAT=''
REPLACE_FCLOSE=''
REPLACE_FCNTL=''
REPLACE_FDOPEN=''
REPLACE_FDOPENDIR=''
REPLACE_FFLUSH=''
REPLACE_FFSLL=''
REPLACE_FNMATCH=''
REPLACE_FOPEN=''
REPLACE_FORKPTY=''
REPLACE_FPRINTF=''
REPLACE_FPURGE=''
REPLACE_FREE=''
REPLACE_FREELOCALE=''
REPLACE_FREOPEN=''
REPLACE_FSEEK=''
REPLACE_FSEEKO=''
REPLACE_FSTAT=''
REPLACE_FSTATAT=''
REPLACE_FTELL=''
REPLACE_FTELLO=''
REPLACE_FTRUNCATE=''
REPLACE_FUTIMENS=''
REPLACE_GAI_STRERROR=''
REPLACE_GETADDRINFO=''
REPLACE_GETCWD=''
REPLACE_GETDELIM=''
REPLACE_GETDOMAINNAME=''
REPLACE_GETDTABLESIZE=''
REPLACE_GETGROUPS=''
REPLACE_GETLINE=''
REPLACE_GETLOGIN_R=''
REPLACE_GETPAGESIZE=''
REPLACE_GETPASS=''
REPLACE_GETRANDOM=''
REPLACE_GETTIMEOFDAY=''
REPLACE_GLOB=''
REPLACE_GLOB_PATTERN_P=''
REPLACE_GMTIME=''
REPLACE_INET_NTOP=''
REPLACE_INET_PTON=''
REPLACE_INITSTATE=''
REPLACE_IOCTL=''
REPLACE_ISATTY=''
REPLACE_ISWBLANK=''
REPLACE_ISWCNTRL=''
REPLACE_ISWDIGIT=''
REPLACE_ISWXDIGIT=''
REPLACE_ITOLD=''
REPLACE_LCHOWN=''
REPLACE_LINK=''
REPLACE_LINKAT=''
REPLACE_LOCALECONV=''
REPLACE_LOCALTIME=''
REPLACE_LOCALTIME_R=''
REPLACE_LSEEK=''
REPLACE_LSTAT=''
REPLACE_MALLOC=''
REPLACE_MBRLEN=''
REPLACE_MBRTOWC=''
REPLACE_MBSINIT=''
REPLACE_MBSNRTOWCS=''
REPLACE_MBSRTOWCS=''
REPLACE_MBSTATE_T=''
REPLACE_MBTOWC=''
REPLACE_MEMCHR=''
REPLACE_MEMMEM=''
REPLACE_MKDIR=''
REPLACE_MKFIFO=''
REPLACE_MKFIFOAT=''
REPLACE_MKNOD=''
REPLACE_MKNODAT=''
REPLACE_MKSTEMP=''
REPLACE_MKTIME=''
REPLACE_NANOSLEEP=''
REPLACE_NEWLOCALE=''
REPLACE_NL_LANGINFO=''
REPLACE_NULL=''
REPLACE_OBSTACK_PRINTF=''
REPLACE_OPEN=''
REPLACE_OPENAT=''
REPLACE_OPENDIR=''
REPLACE_OPENPTY=''
REPLACE_PERROR=''
REPLACE_POLL=''
REPLACE_POPEN=''
REPLACE_POSIX_MEMALIGN=''
REPLACE_PREAD=''
REPLACE_PRINTF=''
REPLACE_PSELECT=''
REPLACE_PTHREAD_SIGMASK=''
REPLACE_PTSNAME=''
REPLACE_PTSNAME_R=''
REPLACE_PUTENV=''
REPLACE_PWRITE=''
REPLACE_QSORT_R=''
REPLACE_RAISE=''
REPLACE_RANDOM=''
REPLACE_RANDOM_R=''
REPLACE_READ=''
REPLACE_READLINK=''
REPLACE_READLINKAT=''
REPLACE_REALLOC=''
REPLACE_REALPATH=''
REPLACE_REMOVE=''
REPLACE_RENAME=''
REPLACE_RENAMEAT=''
REPLACE_RMDIR=''
REPLACE_SELECT=''
REPLACE_SETENV=''
REPLACE_SETLOCALE=''
REPLACE_SETSTATE=''
REPLACE_SLEEP=''
REPLACE_SNPRINTF=''
REPLACE_SPRINTF=''
REPLACE_STAT=''
REPLACE_STDIO_READ_FUNCS=''
REPLACE_STDIO_WRITE_FUNCS=''
REPLACE_STPNCPY=''
REPLACE_STRCASESTR=''
REPLACE_STRCHRNUL=''
REPLACE_STRDUP=''
REPLACE_STRERROR=''
REPLACE_STRERRORNAME_NP=''
REPLACE_STRERROR_R=''
REPLACE_STRFTIME=''
REPLACE_STRNCAT=''
REPLACE_STRNDUP=''
REPLACE_STRNLEN=''
REPLACE_STRSIGNAL=''
REPLACE_STRSTR=''
REPLACE_STRTOD=''
REPLACE_STRTOIMAX=''
REPLACE_STRTOK_R=''
REPLACE_STRTOLD=''
REPLACE_STRTOUMAX=''
REPLACE_STRUCT_LCONV=''
REPLACE_STRUCT_TIMEVAL=''
REPLACE_SYMLINK=''
REPLACE_SYMLINKAT=''
REPLACE_TIMEGM=''
REPLACE_TMPFILE=''
REPLACE_TOWLOWER=''
REPLACE_TRUNCATE=''
REPLACE_TTYNAME_R=''
REPLACE_TZSET=''
REPLACE_UNLINK=''
REPLACE_UNLINKAT=''
REPLACE_UNSETENV=''
REPLACE_USLEEP=''
REPLACE_UTIMENSAT=''
REPLACE_VASPRINTF=''
REPLACE_VDPRINTF=''
REPLACE_VFPRINTF=''
REPLACE_VPRINTF=''
REPLACE_VSNPRINTF=''
REPLACE_VSPRINTF=''
REPLACE_WCRTOMB=''
REPLACE_WCSFTIME=''
REPLACE_WCSNRTOMBS=''
REPLACE_WCSRTOMBS=''
REPLACE_WCSTOK=''
REPLACE_WCSWIDTH=''
REPLACE_WCTOB=''
REPLACE_WCTOMB=''
REPLACE_WCWIDTH=''
REPLACE_WRITE=''
RM=''
SED=''
SERVENT_LIB=''
SET_MAKE=''
SHELL='/bin/sh'
SIG_ATOMIC_T_SUFFIX=''
SIZE_T_SUFFIX=''
STDALIGN_H=''
STDARG_H=''
STDBOOL_H=''
STDDEF_H=''
STDINT_H=''
STRIP=''
SYSEXITS_H=''
SYS_IOCTL_H_HAVE_WINSOCK2_H=''
SYS_IOCTL_H_HAVE_WINSOCK2_H_AND_USE_SOCKETS=''
SYS_TIME_H_DEFINES_STRUCT_TIMESPEC=''
TARGET6=''
TARGET=''
TEST_IPV4=''
TEST_IPV6=''
TIME_H_DEFINES_STRUCT_TIMESPEC=''
TIME_H_DEFINES_TIME_UTC=''
UINT32_MAX_LT_UINTMAX_MAX=''
UINT64_MAX_EQ_ULONG_MAX=''
UNDEFINE_STRTOK_R=''
UNISTD_H_DEFINES_STRUCT_TIMESPEC=''
UNISTD_H_HAVE_SYS_RANDOM_H=''
UNISTD_H_HAVE_WINSOCK2_H=''
UNISTD_H_HAVE_WINSOCK2_H_AND_USE_SOCKETS=''
VERSION='2.0'
WCHAR_T_SUFFIX=''
WINDOWS_64_BIT_OFF_T=''
WINDOWS_64_BIT_ST_SIZE=''
WINDOWS_STAT_INODES=''
WINDOWS_STAT_TIMESPEC=''
WINT_T_SUFFIX=''
YACC=''
YFLAGS=''
ac_ct_AR=''
ac_ct_CC='gcc'
am__EXEEXT_FALSE=''
am__EXEEXT_TRUE=''
am__fastdepCC_FALSE='#'
am__fastdepCC_TRUE=''
am__include='include'
am__isrc=''
am__leading_dot='.'
am__nodep='_no'
am__quote=''
am__tar='$${TAR-tar} chof - "$$tardir"'
am__untar='$${TAR-tar} xf -'
bindir='${exec_prefix}/bin'
build='x86_64-apple-darwin21.6.0'
build_alias=''
build_cpu='x86_64'
build_os='darwin21.6.0'
build_vendor='apple'
datadir='${datarootdir}'
datarootdir='${prefix}/share'
dnsdomainname_BUILD='dnsdomainname'
dnsdomainname_INSTALL_HOOK='install-dnsdomainname-hook'
dnsdomainname_PROPS=''
docdir='${datarootdir}/doc/${PACKAGE_TARNAME}'
dvidir='${docdir}'
enable_dnsdomainname='yes'
enable_ftp='yes'
enable_ftpd='yes'
enable_hostname='yes'
enable_ifconfig='yes'
enable_inetd='yes'
enable_libls='yes'
enable_logger='yes'
enable_ping6='yes'
enable_ping='yes'
enable_rcp='yes'
enable_rexec='yes'
enable_rexecd='yes'
enable_rlogin='yes'
enable_rlogind='yes'
enable_rsh='yes'
enable_rshd='yes'
enable_syslogd='yes'
enable_talk='yes'
enable_talkd='yes'
enable_telnet='yes'
enable_telnetd='yes'
enable_tftp='yes'
enable_tftpd='yes'
enable_traceroute='yes'
enable_uucpd='yes'
enable_whois='yes'
exec_prefix='NONE'
ftp_BUILD='ftp'
ftp_INSTALL_HOOK='install-ftp-hook'
ftp_PROPS=''
ftpd_BUILD='ftpd'
ftpd_INSTALL_HOOK='install-ftpd-hook'
ftpd_PROPS=''
gl_LIBOBJS=''
gl_LTLIBOBJS=''
gltests_LIBOBJS=''
gltests_LTLIBOBJS=''
gltests_WITNESS=''
host='x86_64-apple-darwin21.6.0'
host_alias=''
host_cpu='x86_64'
host_os='darwin21.6.0'
host_vendor='apple'
hostname_BUILD='hostname'
hostname_INSTALL_HOOK='install-hostname-hook'
hostname_PROPS=''
htmldir='${docdir}'
ifconfig_BUILD='ifconfig'
ifconfig_INSTALL_HOOK='install-ifconfig-hook'
ifconfig_PROPS=''
includedir='${prefix}/include'
inetd_BUILD='inetd'
inetd_INSTALL_HOOK='install-inetd-hook'
inetd_PROPS=''
inetdaemondir='$(libexecdir)'
infodir='${datarootdir}/info'
install_sh='${SHELL} /tmp/ft_ping/inetutils-2.0/build-aux/install-sh'
iu_INCLUDES=''
iu_LIBRARIES=''
libdir='${exec_prefix}/lib'
libexecdir='${exec_prefix}/libexec'
libls_BUILD=''
localedir='${datarootdir}/locale'
localstatedir='${prefix}/var'
logger_BUILD='logger'
logger_INSTALL_HOOK='install-logger-hook'
logger_PROPS=''
mandir='${datarootdir}/man'
mkdir_p='$(MKDIR_P)'
oldincludedir='/usr/include'
pdfdir='${docdir}'
ping6_BUILD='ping6'
ping6_INSTALL_HOOK='install-ping6-hook'
ping6_PROPS=''
ping_BUILD='ping'
ping_INSTALL_HOOK='install-ping-hook'
ping_PROPS=''
prefix='NONE'
program_transform_name='s,x,x,'
psdir='${docdir}'
rcp_BUILD='rcp'
rcp_INSTALL_HOOK='install-rcp-hook'
rcp_PROPS=''
rexec_BUILD='rexec'
rexec_INSTALL_HOOK='install-rexec-hook'
rexec_PROPS=''
rexecd_BUILD='rexecd'
rexecd_INSTALL_HOOK='install-rexecd-hook'
rexecd_PROPS=''
rlogin_BUILD='rlogin'
rlogin_INSTALL_HOOK='install-rlogin-hook'
rlogin_PROPS=''
rlogind_BUILD='rlogind'
rlogind_INSTALL_HOOK='install-rlogind-hook'
rlogind_PROPS=''
rsh_BUILD='rsh'
rsh_INSTALL_HOOK='install-rsh-hook'
rsh_PROPS=''
rshd_BUILD='rshd'
rshd_INSTALL_HOOK='install-rshd-hook'
rshd_PROPS=''
runstatedir='${localstatedir}/run'
sbindir='${exec_prefix}/sbin'
sharedstatedir='${prefix}/com'
sysconfdir='${prefix}/etc'
syslogd_BUILD='syslogd'
syslogd_INSTALL_HOOK='install-syslogd-hook'
syslogd_PROPS=''
talk_BUILD='talk'
talk_INSTALL_HOOK='install-talk-hook'
talk_PROPS=''
talkd_BUILD='talkd'
talkd_INSTALL_HOOK='install-talkd-hook'
talkd_PROPS=''
target_alias=''
telnet_BUILD='telnet'
telnet_INSTALL_HOOK='install-telnet-hook'
telnet_PROPS=''
telnetd_BUILD='telnetd'
telnetd_INSTALL_HOOK='install-telnetd-hook'
telnetd_PROPS=''
tftp_BUILD='tftp'
tftp_INSTALL_HOOK='install-tftp-hook'
tftp_PROPS=''
tftpd_BUILD='tftpd'
tftpd_INSTALL_HOOK='install-tftpd-hook'
tftpd_PROPS=''
traceroute_BUILD='traceroute'
traceroute_INSTALL_HOOK='install-traceroute-hook'
traceroute_PROPS=''
uucpd_BUILD='uucpd'
uucpd_INSTALL_HOOK='install-uucpd-hook'
uucpd_PROPS=''
whois_BUILD='whois'
whois_INSTALL_HOOK='install-whois-hook'
whois_PROPS=''

## ------------------- ##
## File substitutions. ##
## ------------------- ##

PATHDEFS_MAKE=''
PATHS_DEFS=''

## ----------- ##
## confdefs.h. ##
## ----------- ##

/* confdefs.h */
#define PACKAGE_NAME "GNU inetutils"
#define PACKAGE_TARNAME "inetutils"
#define PACKAGE_VERSION "2.0"
#define PACKAGE_STRING "GNU inetutils 2.0"
#define PACKAGE_BUGREPORT "bug-inetutils@gnu.org"
#define PACKAGE_URL "https://www.gnu.org/software/inetutils/"
#define PACKAGE "inetutils"
#define VERSION "2.0"
#define HAVE_STDIO_H 1
#define HAVE_STDLIB_H 1
#define HAVE_STRING_H 1
#define HAVE_INTTYPES_H 1
#define HAVE_STDINT_H 1
#define HAVE_STRINGS_H 1
#define HAVE_SYS_STAT_H 1
#define HAVE_SYS_TYPES_H 1

configure: caught signal 2
configure: exit 1
